Feb-16 10:41:43.811 [main] DEBUG nextflow.cli.Launcher - $> /usr/local/bin/nextflow run -resume mapsimple.groovy --genome testdata/yeast_genome.fa --reads testdata/*{1,2}.fastq.gz
Feb-16 10:41:43.938 [main] INFO  nextflow.cli.CmdRun - N E X T F L O W  ~  version 0.27.4
Feb-16 10:41:43.956 [main] INFO  nextflow.cli.CmdRun - Launching `mapsimple.groovy` [cheeky_miescher] - revision: 530dce4056
Feb-16 10:41:43.976 [main] DEBUG nextflow.config.ConfigBuilder - Found config local: nextflow.config
Feb-16 10:41:43.981 [main] DEBUG nextflow.config.ConfigBuilder - Parsing config file: /Users/loyal9/Downloads/nextflows/simplenextflowngs/nextflow.config
Feb-16 10:41:44.346 [main] DEBUG nextflow.config.ConfigBuilder - Setting config profile: 'standard'
Feb-16 10:41:44.465 [main] DEBUG nextflow.Session - Session uuid: a30a62c0-f982-41b4-aa3c-386a9f39e34e
Feb-16 10:41:44.466 [main] DEBUG nextflow.Session - Run name: cheeky_miescher
Feb-16 10:41:44.468 [main] DEBUG nextflow.Session - Executor pool size: 4
Feb-16 10:41:44.494 [main] DEBUG nextflow.cli.CmdRun - 
  Version: 0.27.4 build 4771
  Modified: 05-02-2018 09:51 UTC (04:51 EDT)
  System: Mac OS X 10.11.6
  Runtime: Groovy 2.4.13 on Java HotSpot(TM) 64-Bit Server VM 1.8.0_40-b27
  Encoding: UTF-8 (UTF-8)
  Process: 84477@zmac.home [192.168.1.6]
  CPUs: 4 - Mem: 16 GB (643.3 MB) - Swap: 2 GB (1.4 GB)
Feb-16 10:41:44.511 [main] DEBUG nextflow.Session - Work-dir: /Users/loyal9/Downloads/nextflows/simplenextflowngs/work [Mac OS X]
Feb-16 10:41:44.511 [main] DEBUG nextflow.Session - Script base path does not exist or is not a directory: /Users/loyal9/Downloads/nextflows/simplenextflowngs/bin
Feb-16 10:41:44.676 [main] DEBUG nextflow.Session - Session start invoked
Feb-16 10:41:44.680 [main] DEBUG nextflow.processor.TaskDispatcher - Dispatcher > start
Feb-16 10:41:44.681 [main] DEBUG nextflow.trace.TraceFileObserver - Flow starting -- trace file: /Users/loyal9/Downloads/nextflows/simplenextflowngs/results/NGSpipe_trace.txt
Feb-16 10:41:44.686 [main] DEBUG nextflow.script.ScriptRunner - > Script parsing
Feb-16 10:41:44.902 [main] DEBUG nextflow.script.ScriptRunner - > Launching execution
Feb-16 10:41:44.967 [main] DEBUG nextflow.Channel - files for syntax: glob; folder: testdata/; pattern: *{1,2}.fastq.gz; options: null
Feb-16 10:41:45.274 [main] DEBUG nextflow.processor.ProcessFactory - << taskConfig executor: null
Feb-16 10:41:45.274 [main] DEBUG nextflow.processor.ProcessFactory - >> processorType: 'local'
Feb-16 10:41:45.282 [main] DEBUG nextflow.executor.Executor - Initializing executor: local
Feb-16 10:41:45.284 [main] INFO  nextflow.executor.Executor - [warm up] executor > local
Feb-16 10:41:45.289 [main] DEBUG n.processor.LocalPollingMonitor - Creating local task monitor for executor 'local' > cpus=4; memory=16 GB; capacity=4; pollInterval=100ms; dumpInterval=5m
Feb-16 10:41:45.293 [main] DEBUG nextflow.processor.TaskDispatcher - Starting monitor: LocalPollingMonitor
Feb-16 10:41:45.294 [main] DEBUG n.processor.TaskPollingMonitor - >>> barrier register (monitor: local)
Feb-16 10:41:45.296 [main] DEBUG nextflow.executor.Executor - Invoke register for executor: local
Feb-16 10:41:45.352 [main] DEBUG nextflow.Session - >>> barrier register (process: buildNovoIndex)
Feb-16 10:41:45.354 [main] DEBUG nextflow.processor.TaskProcessor - Creating operator > buildNovoIndex -- maxForks: 4
Feb-16 10:41:45.436 [main] DEBUG nextflow.processor.ProcessFactory - << taskConfig executor: null
Feb-16 10:41:45.437 [main] DEBUG nextflow.processor.ProcessFactory - >> processorType: 'local'
Feb-16 10:41:45.437 [main] DEBUG nextflow.executor.Executor - Initializing executor: local
Feb-16 10:41:45.438 [main] DEBUG nextflow.Session - >>> barrier register (process: novoalign)
Feb-16 10:41:45.439 [main] DEBUG nextflow.processor.TaskProcessor - Creating operator > novoalign -- maxForks: 4
Feb-16 10:41:45.453 [main] DEBUG nextflow.processor.ProcessFactory - << taskConfig executor: null
Feb-16 10:41:45.454 [main] DEBUG nextflow.processor.ProcessFactory - >> processorType: 'local'
Feb-16 10:41:45.454 [main] DEBUG nextflow.executor.Executor - Initializing executor: local
Feb-16 10:41:45.456 [main] DEBUG nextflow.Session - >>> barrier register (process: novosort)
Feb-16 10:41:45.456 [main] DEBUG nextflow.processor.TaskProcessor - Creating operator > novosort -- maxForks: 4
Feb-16 10:41:45.465 [main] DEBUG nextflow.processor.ProcessFactory - << taskConfig executor: null
Feb-16 10:41:45.465 [main] DEBUG nextflow.processor.ProcessFactory - >> processorType: 'local'
Feb-16 10:41:45.466 [main] DEBUG nextflow.executor.Executor - Initializing executor: local
Feb-16 10:41:45.467 [main] DEBUG nextflow.Session - >>> barrier register (process: samtoolsVarCall)
Feb-16 10:41:45.467 [main] DEBUG nextflow.processor.TaskProcessor - Creating operator > samtoolsVarCall -- maxForks: 4
Feb-16 10:41:45.470 [main] DEBUG nextflow.script.ScriptRunner - > Await termination 
Feb-16 10:41:45.470 [main] DEBUG nextflow.Session - Session await
Feb-16 10:41:45.533 [Task submitter] DEBUG nextflow.executor.LocalTaskHandler - Launch cmd line: /bin/bash -ue .command.run
Feb-16 10:41:45.540 [Task submitter] INFO  nextflow.Session - [d0/dc77fe] Submitted process > buildNovoIndex
Feb-16 10:41:48.466 [Task monitor] DEBUG n.processor.TaskPollingMonitor - Task completed > TaskHandler[id: 1; name: buildNovoIndex; status: COMPLETED; exit: 0; error: -; workDir: /Users/loyal9/Downloads/nextflows/simplenextflowngs/work/d0/dc77fe8600e05fac436e4a1954a43b]
Feb-16 10:41:48.490 [Actor Thread 1] DEBUG nextflow.Session - <<< barrier arrive (process: buildNovoIndex)
Feb-16 10:41:48.525 [Task submitter] DEBUG nextflow.executor.LocalTaskHandler - Launch cmd line: /bin/bash -ue .command.run
Feb-16 10:41:48.526 [Task submitter] INFO  nextflow.Session - [d7/f70b4a] Submitted process > novoalign (yeast_R)
Feb-16 10:42:07.314 [Task monitor] DEBUG n.processor.TaskPollingMonitor - Task completed > TaskHandler[id: 2; name: novoalign (yeast_R); status: COMPLETED; exit: 0; error: -; workDir: /Users/loyal9/Downloads/nextflows/simplenextflowngs/work/d7/f70b4ad2cc257b109fda0dbddb3f66]
Feb-16 10:42:07.328 [Task submitter] DEBUG nextflow.executor.LocalTaskHandler - Launch cmd line: /bin/bash -ue .command.run
Feb-16 10:42:07.330 [Task submitter] INFO  nextflow.Session - [5a/1628ef] Submitted process > novosort (pair_id)
Feb-16 10:42:07.336 [Actor Thread 5] DEBUG nextflow.Session - <<< barrier arrive (process: novoalign)
Feb-16 10:42:09.475 [Task monitor] DEBUG n.processor.TaskPollingMonitor - Task completed > TaskHandler[id: 3; name: novosort (pair_id); status: COMPLETED; exit: 0; error: -; workDir: /Users/loyal9/Downloads/nextflows/simplenextflowngs/work/5a/1628ef3f4518aa147e3e80505584d3]
Feb-16 10:42:09.482 [Actor Thread 7] DEBUG nextflow.Session - <<< barrier arrive (process: novosort)
Feb-16 10:42:09.495 [Task submitter] DEBUG nextflow.executor.LocalTaskHandler - Launch cmd line: /bin/bash -ue .command.run
Feb-16 10:42:09.495 [Task submitter] INFO  nextflow.Session - [c8/09ea17] Submitted process > samtoolsVarCall (yeast_R)
Feb-16 10:42:16.091 [Task monitor] DEBUG n.processor.TaskPollingMonitor - Task completed > TaskHandler[id: 4; name: samtoolsVarCall (yeast_R); status: COMPLETED; exit: 0; error: -; workDir: /Users/loyal9/Downloads/nextflows/simplenextflowngs/work/c8/09ea1754059529eff2d57c1d4442fe]
Feb-16 10:42:16.094 [Actor Thread 8] DEBUG nextflow.Session - <<< barrier arrive (process: samtoolsVarCall)
Feb-16 10:42:16.094 [main] DEBUG nextflow.Session - Session await > all process finished
Feb-16 10:42:16.097 [Task monitor] DEBUG n.processor.TaskPollingMonitor - <<< barrier arrives (monitor: local)
Feb-16 10:42:16.098 [main] DEBUG nextflow.Session - Session await > all barriers passed
Feb-16 10:42:16.112 [main] DEBUG nextflow.trace.StatsObserver - Workflow completed > WorkflowStats[succeedCount=4; failedCount=0; ignoredCount=0; cachedCount=0; succeedDuration=24.7s; failedDuration=0ms; cachedDuration=0ms]
Feb-16 10:42:16.112 [main] DEBUG nextflow.trace.TraceFileObserver - Flow completing -- flushing trace file
Feb-16 10:42:16.115 [main] DEBUG nextflow.trace.ReportObserver - Flow completing -- rendering html report
Feb-16 10:42:17.112 [main] DEBUG nextflow.trace.TimelineObserver - Flow completing -- rendering html timeline
Feb-16 10:42:17.180 [main] DEBUG nextflow.CacheDB - Closing CacheDB done
Feb-16 10:42:17.191 [main] DEBUG nextflow.script.ScriptRunner - > Execution complete -- Goodbye
